<?xml version="1.0" encoding="UTF-8"?>
<testsuite name="mx.connecta.TestGradle" tests="3" skipped="0" failures="0" errors="0" timestamp="2023-05-11T12:43:12" hostname="MacBook-Pro.local" time="0.016">
  <properties/>
  <testcase name="testStudents()" classname="mx.connecta.TestGradle" time="0.01"/>
  <testcase name="testTeachers()" classname="mx.connecta.TestGradle" time="0.001"/>
  <testcase name="testGradle()" classname="mx.connecta.TestGradle" time="0.001"/>
  <system-out><![CDATA[]]></system-out>
  <system-err><![CDATA[]]></system-err>
</testsuite>
