<?xml version="1.0" encoding="UTF-8"?>
<testsuite name="mx.connecta.TestGradle" tests="1" skipped="0" failures="0" errors="0" timestamp="2023-05-11T12:41:51" hostname="MacBook-Pro.local" time="0.009">
  <properties/>
  <testcase name="testGradle()" classname="mx.connecta.TestGradle" time="0.009"/>
  <system-out><![CDATA[]]></system-out>
  <system-err><![CDATA[]]></system-err>
</testsuite>
